  VertexBufferLayout.cpp
  VertexBuffer.cpp
  VertexArray.cpp
m:\feeding-freenzy\feeding-freenzy\vertexarray.cpp(21): warning C4018: '<': signed/unsigned mismatch
  Texture.cpp
  stb_image.cpp
  Shader.cpp
  Renderer.cpp
  Portal.cpp
  main.cpp
  Level.cpp
  IndexBuffer.cpp
  Fish.cpp
  Generating Code...
  LINK : M:\Feeding-Freenzy\Debug\Feeding-Freenzy.exe not found or not built by the last incremental link; performing full link
glfw3.lib(context.obj) : warning LNK4099: PDB 'glfw.pdb' was not found with 'glfw3.lib(context.obj)' or at 'M:\Feeding-Freenzy\Debug\glfw.pdb'; linking object as if no debug info
glfw3.lib(init.obj) : warning LNK4099: PDB 'glfw.pdb' was not found with 'glfw3.lib(init.obj)' or at 'M:\Feeding-Freenzy\Debug\glfw.pdb'; linking object as if no debug info
glfw3.lib(input.obj) : warning LNK4099: PDB 'glfw.pdb' was not found with 'glfw3.lib(input.obj)' or at 'M:\Feeding-Freenzy\Debug\glfw.pdb'; linking object as if no debug info
glfw3.lib(monitor.obj) : warning LNK4099: PDB 'glfw.pdb' was not found with 'glfw3.lib(monitor.obj)' or at 'M:\Feeding-Freenzy\Debug\glfw.pdb'; linking object as if no debug info
glfw3.lib(vulkan.obj) : warning LNK4099: PDB 'glfw.pdb' was not found with 'glfw3.lib(vulkan.obj)' or at 'M:\Feeding-Freenzy\Debug\glfw.pdb'; linking object as if no debug info
glfw3.lib(window.obj) : warning LNK4099: PDB 'glfw.pdb' was not found with 'glfw3.lib(window.obj)' or at 'M:\Feeding-Freenzy\Debug\glfw.pdb'; linking object as if no debug info
glfw3.lib(win32_init.obj) : warning LNK4099: PDB 'glfw.pdb' was not found with 'glfw3.lib(win32_init.obj)' or at 'M:\Feeding-Freenzy\Debug\glfw.pdb'; linking object as if no debug info
glfw3.lib(win32_joystick.obj) : warning LNK4099: PDB 'glfw.pdb' was not found with 'glfw3.lib(win32_joystick.obj)' or at 'M:\Feeding-Freenzy\Debug\glfw.pdb'; linking object as if no debug info
glfw3.lib(win32_monitor.obj) : warning LNK4099: PDB 'glfw.pdb' was not found with 'glfw3.lib(win32_monitor.obj)' or at 'M:\Feeding-Freenzy\Debug\glfw.pdb'; linking object as if no debug info
glfw3.lib(win32_time.obj) : warning LNK4099: PDB 'glfw.pdb' was not found with 'glfw3.lib(win32_time.obj)' or at 'M:\Feeding-Freenzy\Debug\glfw.pdb'; linking object as if no debug info
glfw3.lib(win32_tls.obj) : warning LNK4099: PDB 'glfw.pdb' was not found with 'glfw3.lib(win32_tls.obj)' or at 'M:\Feeding-Freenzy\Debug\glfw.pdb'; linking object as if no debug info
glfw3.lib(win32_window.obj) : warning LNK4099: PDB 'glfw.pdb' was not found with 'glfw3.lib(win32_window.obj)' or at 'M:\Feeding-Freenzy\Debug\glfw.pdb'; linking object as if no debug info
glfw3.lib(wgl_context.obj) : warning LNK4099: PDB 'glfw.pdb' was not found with 'glfw3.lib(wgl_context.obj)' or at 'M:\Feeding-Freenzy\Debug\glfw.pdb'; linking object as if no debug info
glfw3.lib(egl_context.obj) : warning LNK4099: PDB 'glfw.pdb' was not found with 'glfw3.lib(egl_context.obj)' or at 'M:\Feeding-Freenzy\Debug\glfw.pdb'; linking object as if no debug info
  Feeding-Freenzy.vcxproj -> M:\Feeding-Freenzy\Debug\Feeding-Freenzy.exe
  Feeding-Freenzy.vcxproj -> M:\Feeding-Freenzy\Debug\Feeding-Freenzy.pdb (Partial PDB)
