c:\users\mai\documents\visual studio 2015\projects\feeding-freenzy\feeding-freenzy\debug\vc140.pdb
c:\users\mai\documents\visual studio 2015\projects\feeding-freenzy\feeding-freenzy\debug\vc140.idb
c:\users\mai\documents\visual studio 2015\projects\feeding-freenzy\feeding-freenzy\debug\indexbuffer.obj
c:\users\mai\documents\visual studio 2015\projects\feeding-freenzy\feeding-freenzy\debug\main.obj
c:\users\mai\documents\visual studio 2015\projects\feeding-freenzy\feeding-freenzy\debug\renderer.obj
c:\users\mai\documents\visual studio 2015\projects\feeding-freenzy\feeding-freenzy\debug\shader.obj
c:\users\mai\documents\visual studio 2015\projects\feeding-freenzy\feeding-freenzy\debug\stb_image.obj
c:\users\mai\documents\visual studio 2015\projects\feeding-freenzy\feeding-freenzy\debug\texture.obj
c:\users\mai\documents\visual studio 2015\projects\feeding-freenzy\feeding-freenzy\debug\vertexarray.obj
c:\users\mai\documents\visual studio 2015\projects\feeding-freenzy\feeding-freenzy\debug\vertexbuffer.obj
c:\users\mai\documents\visual studio 2015\projects\feeding-freenzy\feeding-freenzy\debug\vertexbufferlayout.obj
c:\users\mai\documents\visual studio 2015\projects\feeding-freenzy\feeding-freenzy\debug\fish.obj
c:\users\mai\documents\visual studio 2015\projects\feeding-freenzy\feeding-freenzy\debug\level.obj
c:\users\mai\documents\visual studio 2015\projects\feeding-freenzy\feeding-freenzy\debug\portal.obj
c:\users\mai\documents\visual studio 2015\projects\feeding-freenzy\debug\feeding-freenzy.pdb
c:\users\mai\documents\visual studio 2015\projects\feeding-freenzy\debug\feeding-freenzy.exe
c:\users\mai\documents\visual studio 2015\projects\feeding-freenzy\debug\feeding-freenzy.ilk
c:\users\mai\documents\visual studio 2015\projects\feeding-freenzy\feeding-freenzy\debug\feeding-freenzy.tlog\cl.command.1.tlog
c:\users\mai\documents\visual studio 2015\projects\feeding-freenzy\feeding-freenzy\debug\feeding-freenzy.tlog\cl.read.1.tlog
c:\users\mai\documents\visual studio 2015\projects\feeding-freenzy\feeding-freenzy\debug\feeding-freenzy.tlog\cl.write.1.tlog
c:\users\mai\documents\visual studio 2015\projects\feeding-freenzy\feeding-freenzy\debug\feeding-freenzy.tlog\link.command.1.tlog
c:\users\mai\documents\visual studio 2015\projects\feeding-freenzy\feeding-freenzy\debug\feeding-freenzy.tlog\link.read.1.tlog
c:\users\mai\documents\visual studio 2015\projects\feeding-freenzy\feeding-freenzy\debug\feeding-freenzy.tlog\link.write.1.tlog
