c:\users\eagle\onedrive\documents\github\feeding-frenzy\feeding-frenzy\feeding-frenzy\release\vc141.pdb
c:\users\eagle\onedrive\documents\github\feeding-frenzy\feeding-frenzy\feeding-frenzy\release\vertexbufferlayout.obj
c:\users\eagle\onedrive\documents\github\feeding-frenzy\feeding-frenzy\feeding-frenzy\release\vertexbuffer.obj
c:\users\eagle\onedrive\documents\github\feeding-frenzy\feeding-frenzy\feeding-frenzy\release\vertexarray.obj
c:\users\eagle\onedrive\documents\github\feeding-frenzy\feeding-frenzy\feeding-frenzy\release\texture.obj
c:\users\eagle\onedrive\documents\github\feeding-frenzy\feeding-frenzy\feeding-frenzy\release\stb_image.obj
c:\users\eagle\onedrive\documents\github\feeding-frenzy\feeding-frenzy\feeding-frenzy\release\shader.obj
c:\users\eagle\onedrive\documents\github\feeding-frenzy\feeding-frenzy\feeding-frenzy\release\renderer.obj
c:\users\eagle\onedrive\documents\github\feeding-frenzy\feeding-frenzy\feeding-frenzy\release\objloader.obj
c:\users\eagle\onedrive\documents\github\feeding-frenzy\feeding-frenzy\feeding-frenzy\release\modelloader.obj
c:\users\eagle\onedrive\documents\github\feeding-frenzy\feeding-frenzy\feeding-frenzy\release\main.obj
c:\users\eagle\onedrive\documents\github\feeding-frenzy\feeding-frenzy\feeding-frenzy\release\level.obj
c:\users\eagle\onedrive\documents\github\feeding-frenzy\feeding-frenzy\feeding-frenzy\release\indexbuffer.obj
c:\users\eagle\onedrive\documents\github\feeding-frenzy\feeding-frenzy\feeding-frenzy\release\hero.obj
c:\users\eagle\onedrive\documents\github\feeding-frenzy\feeding-frenzy\feeding-frenzy\release\game.obj
c:\users\eagle\onedrive\documents\github\feeding-frenzy\feeding-frenzy\feeding-frenzy\release\fish.obj
c:\users\eagle\onedrive\documents\github\feeding-frenzy\feeding-frenzy\feeding-frenzy\release\camera.obj
c:\users\eagle\onedrive\documents\github\feeding-frenzy\feeding-frenzy\feeding-frenzy\release\ai.obj
c:\users\eagle\onedrive\documents\github\feeding-frenzy\feeding-frenzy\release\feeding-frenzy.ipdb
c:\users\eagle\onedrive\documents\github\feeding-frenzy\feeding-frenzy\release\feeding-frenzy.iobj
c:\users\eagle\onedrive\documents\github\feeding-frenzy\feeding-frenzy\release\feeding-frenzy.pdb
c:\users\eagle\onedrive\documents\github\feeding-frenzy\feeding-frenzy\feeding-frenzy\release\feeding-frenzy.tlog\cl.command.1.tlog
c:\users\eagle\onedrive\documents\github\feeding-frenzy\feeding-frenzy\feeding-frenzy\release\feeding-frenzy.tlog\cl.read.1.tlog
c:\users\eagle\onedrive\documents\github\feeding-frenzy\feeding-frenzy\feeding-frenzy\release\feeding-frenzy.tlog\cl.write.1.tlog
c:\users\eagle\onedrive\documents\github\feeding-frenzy\feeding-frenzy\feeding-frenzy\release\feeding-frenzy.tlog\feeding-frenzy.write.1u.tlog
c:\users\eagle\onedrive\documents\github\feeding-frenzy\feeding-frenzy\feeding-frenzy\release\feeding-frenzy.tlog\link.command.1.tlog
c:\users\eagle\onedrive\documents\github\feeding-frenzy\feeding-frenzy\feeding-frenzy\release\feeding-frenzy.tlog\link.read.1.tlog
c:\users\eagle\onedrive\documents\github\feeding-frenzy\feeding-frenzy\feeding-frenzy\release\feeding-frenzy.tlog\link.write.1.tlog
