d:\git\feeding-frenzy\feeding-frenzy\feeding-frenzy\feeding-frenzy\debug\vc141.pdb
d:\git\feeding-frenzy\feeding-frenzy\feeding-frenzy\feeding-frenzy\debug\vc141.idb
d:\git\feeding-frenzy\feeding-frenzy\feeding-frenzy\feeding-frenzy\debug\vertexbufferlayout.obj
d:\git\feeding-frenzy\feeding-frenzy\feeding-frenzy\feeding-frenzy\debug\vertexbuffer.obj
d:\git\feeding-frenzy\feeding-frenzy\feeding-frenzy\feeding-frenzy\debug\vertexarray.obj
d:\git\feeding-frenzy\feeding-frenzy\feeding-frenzy\feeding-frenzy\debug\texture.obj
d:\git\feeding-frenzy\feeding-frenzy\feeding-frenzy\feeding-frenzy\debug\stb_image.obj
d:\git\feeding-frenzy\feeding-frenzy\feeding-frenzy\feeding-frenzy\debug\shader.obj
d:\git\feeding-frenzy\feeding-frenzy\feeding-frenzy\feeding-frenzy\debug\renderer.obj
d:\git\feeding-frenzy\feeding-frenzy\feeding-frenzy\feeding-frenzy\debug\objloader.obj
d:\git\feeding-frenzy\feeding-frenzy\feeding-frenzy\feeding-frenzy\debug\modelloader.obj
d:\git\feeding-frenzy\feeding-frenzy\feeding-frenzy\feeding-frenzy\debug\main.obj
d:\git\feeding-frenzy\feeding-frenzy\feeding-frenzy\feeding-frenzy\debug\level.obj
d:\git\feeding-frenzy\feeding-frenzy\feeding-frenzy\feeding-frenzy\debug\indexbuffer.obj
d:\git\feeding-frenzy\feeding-frenzy\feeding-frenzy\feeding-frenzy\debug\game.obj
d:\git\feeding-frenzy\feeding-frenzy\feeding-frenzy\feeding-frenzy\debug\fish.obj
d:\git\feeding-frenzy\feeding-frenzy\feeding-frenzy\feeding-frenzy\debug\camera.obj
d:\git\feeding-frenzy\feeding-frenzy\feeding-frenzy\feeding-frenzy\debug\ai.obj
d:\git\feeding-frenzy\feeding-frenzy\feeding-frenzy\feeding-frenzy\debug\hero.obj
d:\git\feeding-frenzy\feeding-frenzy\feeding-frenzy\debug\feeding-frenzy.exe
d:\git\feeding-frenzy\feeding-frenzy\feeding-frenzy\debug\feeding-frenzy.ilk
d:\git\feeding-frenzy\feeding-frenzy\feeding-frenzy\debug\feeding-frenzy.pdb
d:\git\feeding-frenzy\feeding-frenzy\feeding-frenzy\feeding-frenzy\debug\portal.obj
d:\git\feeding-frenzy\feeding-frenzy\feeding-frenzy\feeding-frenzy\debug\main.obj.enc
d:\git\feeding-frenzy\feeding-frenzy\feeding-frenzy\feeding-frenzy\debug\feeding-frenzy.tlog\cl.command.1.tlog
d:\git\feeding-frenzy\feeding-frenzy\feeding-frenzy\feeding-frenzy\debug\feeding-frenzy.tlog\cl.read.1.tlog
d:\git\feeding-frenzy\feeding-frenzy\feeding-frenzy\feeding-frenzy\debug\feeding-frenzy.tlog\cl.write.1.tlog
d:\git\feeding-frenzy\feeding-frenzy\feeding-frenzy\feeding-frenzy\debug\feeding-frenzy.tlog\link.command.1.tlog
d:\git\feeding-frenzy\feeding-frenzy\feeding-frenzy\feeding-frenzy\debug\feeding-frenzy.tlog\link.read.1.tlog
d:\git\feeding-frenzy\feeding-frenzy\feeding-frenzy\feeding-frenzy\debug\feeding-frenzy.tlog\link.write.1.tlog
